06-24 00:51:28.512 24700 24700 E AndroidRuntime: java.lang.RuntimeException: Unable to start service com.tylerhats.proxitap.audio.CallService@d151b85 with Intent { xflg=0x4 cmp=com.tylerhats.proxitap/.audio.CallService (has extras) }
06-24 00:51:28.512 24700 24700 E AndroidRuntime: 	at com.tylerhats.proxitap.audio.CallService.onStartCommand(CallService.kt:190)
06-24 00:51:31.095 24946 24946 E AndroidRuntime: java.lang.RuntimeException: Unable to start service com.tylerhats.proxitap.audio.CallService@51ef637 with Intent { xflg=0x4 cmp=com.tylerhats.proxitap/.audio.CallService (has extras) }
06-24 00:51:31.095 24946 24946 E AndroidRuntime: Caused by: android.app.ForegroundServiceStartNotAllowedException: Service.startForeground() not allowed due to mAllowStartForeground false: service com.tylerhats.proxitap/.audio.CallService
06-24 00:51:31.095 24946 24946 E AndroidRuntime: 	at com.tylerhats.proxitap.audio.CallService.onStartCommand(CallService.kt:190)
06-24 02:57:28.611 21975 21975 E AndroidRuntime: 	at com.tylerhats.proxitap.audio.WebRtcClient.dispose(WebRtcClient.kt:253)
06-24 02:57:28.611 21975 21975 E AndroidRuntime: 	at com.tylerhats.proxitap.audio.CallService.endCall(CallService.kt:477)
06-24 14:34:26.074 25733 25733 E AndroidRuntime: java.lang.RuntimeException: Unable to start service com.tylerhats.proxitap.audio.CallService@d151b85 with Intent { xflg=0x4 cmp=com.tylerhats.proxitap/.audio.CallService (has extras) }
06-24 14:34:26.074 25733 25733 E AndroidRuntime: 	at com.tylerhats.proxitap.audio.CallService.onStartCommand(CallService.kt:193)
06-24 14:34:27.543 26041 26041 E AndroidRuntime: java.lang.RuntimeException: Unable to start service com.tylerhats.proxitap.audio.CallService@51ef637 with Intent { xflg=0x4 cmp=com.tylerhats.proxitap/.audio.CallService (has extras) }
06-24 14:34:27.543 26041 26041 E AndroidRuntime: 	at com.tylerhats.proxitap.audio.CallService.onStartCommand(CallService.kt:193)
06-24 16:36:12.496 20718 20718 E AndroidRuntime: 	at com.tylerhats.proxitap.audio.CallService.initializeCall(CallService.kt:217)
06-24 16:36:14.148 20888 20888 E AndroidRuntime: java.lang.RuntimeException: Unable to start service com.tylerhats.proxitap.audio.CallService@51ef637 with Intent { xflg=0x4 cmp=com.tylerhats.proxitap/.audio.CallService (has extras) }
06-24 16:36:14.148 20888 20888 E AndroidRuntime: 	at com.tylerhats.proxitap.audio.CallService.onStartCommand(CallService.kt:270)
06-24 16:36:22.919 20915 20915 E AndroidRuntime: 	at com.tylerhats.proxitap.audio.CallService.initializeCall(CallService.kt:217)
06-24 16:36:53.569 21173 21173 E AndroidRuntime: 	at com.tylerhats.proxitap.audio.CallService.initializeCall(CallService.kt:217)
06-24 16:36:55.046 21245 21245 E AndroidRuntime: java.lang.RuntimeException: Unable to start service com.tylerhats.proxitap.audio.CallService@51ef637 with Intent { xflg=0x4 cmp=com.tylerhats.proxitap/.audio.CallService (has extras) }
06-24 16:36:55.046 21245 21245 E AndroidRuntime: 	at com.tylerhats.proxitap.audio.CallService.onStartCommand(CallService.kt:270)
06-24 16:37:45.751 21491 21491 E AndroidRuntime: 	at com.tylerhats.proxitap.audio.CallService.initializeCall(CallService.kt:217)
06-24 16:40:19.610 22587 22587 E AndroidRuntime: 	at com.tylerhats.proxitap.audio.CallService.initializeCall(CallService.kt:217)
06-24 17:35:32.016  1568  4869 I ActivityManager: Background started FGS: Allowed [callingPackage: com.tylerhats.proxitap; callingUid: 10598; uidState: TOP ; uidBFSL: [BFSL]; intent: Intent { xflg=0x4 cmp=com.tylerhats.proxitap/.audio.CallService (has extras) }; code:PROC_STATE_TOP; tempAllowListReason:<null>; allowWiu:12; targetSdkVersion:35; callerTargetSdkVersion:35; startForegroundCount:0; bindFromPackage:null: isBindService:false]
06-24 17:36:20.525  1568  5171 I ActivityManager: Background started FGS: Allowed [callingPackage: com.tylerhats.proxitap; callingUid: 10598; uidState: TOP ; uidBFSL: [BFSL]; intent: Intent { xflg=0x4 cmp=com.tylerhats.proxitap/.audio.CallService (has extras) }; code:PROC_STATE_TOP; tempAllowListReason:<null>; allowWiu:12; targetSdkVersion:35; callerTargetSdkVersion:35; startForegroundCount:1; bindFromPackage:null: isBindService:false]
06-24 17:36:52.595  1568  3031 I ActivityManager: Background started FGS: Allowed [callingPackage: com.tylerhats.proxitap; callingUid: 10598; uidState: TOP ; uidBFSL: [BFSL]; intent: Intent { xflg=0x4 cmp=com.tylerhats.proxitap/.audio.CallService (has extras) }; code:PROC_STATE_TOP; tempAllowListReason:<null>; allowWiu:12; targetSdkVersion:35; callerTargetSdkVersion:35; startForegroundCount:0; bindFromPackage:null: isBindService:false]
06-24 17:37:06.076  1568  5184 I ActivityManager: Background started FGS: Allowed [callingPackage: com.tylerhats.proxitap; callingUid: 10598; uidState: TOP ; uidBFSL: [BFSL]; intent: Intent { xflg=0x4 cmp=com.tylerhats.proxitap/.audio.CallService (has extras) }; code:PROC_STATE_TOP; tempAllowListReason:<null>; allowWiu:12; targetSdkVersion:35; callerTargetSdkVersion:35; startForegroundCount:1; bindFromPackage:null: isBindService:false]
