06-24 17:24:59.030 18080 18080 I DialerInCallServicePeerImpl: com.android.dialer.incall.core.peer.InCallServicePeerImpl.onCallRemoved:250 onCallRemoved - call: Call [id: TC@3, state: DISCONNECTED, details: [id: TC@3, state: DISCONNECTED, pa: ComponentInfo{com.android.phone/com.android.services.telephony.TelephonyConnectionService}, 1, UserHandle{0}, hdl: tel:**********, hdlPres: 1, videoState: Audio Only, caps: [Capabilities: CAPABILITY_MUTE CAPABILITY_CANNOT_DOWNGRADE_VIDEO_TO_AUDIO], props: [Properties: PROPERTY_WIFI PROPERTY_HIGH_DEF_AUDIO]]]
06-24 17:24:59.031 18080 18080 I DialerTelecomEventUiThreadBlockedTimer: com.android.incallui.TelecomEventUiThreadBlockedTimer.onEvent:59 InCallService.uiThreadBlockedByTelecomEvent blocked UI thread for 5.34 ms
06-24 17:24:59.031 18080 18080 I DialerTelecomEventUiThreadBlockedTimer: com.android.incallui.TelecomEventUiThreadBlockedTimer.onEvent:59 InCallService.uiThreadBlockedByTelecomEvent.onStateChange blocked UI thread for 5.43 ms
06-24 17:24:59.031 18080 18080 I DialerTelecomEventUiThreadBlockedTimer: com.android.incallui.TelecomEventUiThreadBlockedTimer.onEvent:59 InCallService.uiThreadBlockedByTelecomEvent.onDetailsChanged blocked UI thread for 3.55 ms
06-24 17:24:59.032 18080 18080 I DialerTelecomEventUiThreadBlockedTimer: com.android.incallui.TelecomEventUiThreadBlockedTimer.onEvent:59 InCallService.uiThreadBlockedByTelecomEvent.onCallDestroyed blocked UI thread for 3.30 ms
06-24 17:24:59.032 18080 18080 I DialerTelecomEventUiThreadBlockedTimer: com.android.incallui.TelecomEventUiThreadBlockedTimer.onEvent:59 InCallService.uiThreadBlockedByTelecomEvent.onCallRemoved blocked UI thread for 2.30 ms
06-24 17:24:59.041  4079  4079 I BluetoothInCallService: updateHeadsetWithCallState  numActive=0 numHeld=0 callState=7 ringingType=129
06-24 17:24:59.042  4079  4079 I BluetoothInCallService: onCallAdded: call already exists
06-24 17:24:59.042  4079  4079 I BluetoothInCallService: onCallRemoved, forceRemoveCallback=true
06-24 17:24:59.042  4079  4079 I BluetoothInCallService: updateHeadsetWithCallState  numActive=0 numHeld=0 callState=6 ringingType=129
06-24 17:24:59.059  1984 14129 I Telecom : InCallController: Components updated: [ComponentInfo{com.google.android.googlequicksearchbox/com.google.android.libraries.search.assistant.incallservice.IncomingCallInCallService}, ComponentInfo{com.google.android.as/com.google.android.apps.miphone.aiai.captions.tulip.audiosource.impl.CIS}, ComponentInfo{com.google.android.gms/com.google.android.gms.bankscamwarning.services.BankScamCallDetectionService}, ComponentInfo{com.samsung.android.incallui/com.android.incallui.NonUiServiceImpl}, ComponentInfo{android/com.android.ecm.EnhancedConfirmationCallTrackerService}, ComponentInfo{com.google.android.dialer/com.android.incallui.InCallServiceImpl}]: CSW.sCC(cap)@CxA
06-24 17:24:59.060  1984 14129 I Telecom : InCallController: Components updated: [ComponentInfo{com.google.android.googlequicksearchbox/com.google.android.libraries.search.assistant.incallservice.IncomingCallInCallService}, ComponentInfo{com.google.android.as/com.google.android.apps.miphone.aiai.captions.tulip.audiosource.impl.CIS}, ComponentInfo{com.google.android.gms/com.google.android.gms.bankscamwarning.services.BankScamCallDetectionService}, ComponentInfo{com.samsung.android.incallui/com.android.incallui.NonUiServiceImpl}, ComponentInfo{android/com.android.ecm.EnhancedConfirmationCallTrackerService}, ComponentInfo{com.google.android.dialer/com.android.incallui.InCallServiceImpl}]: CSW.sCC(cap)@CxM
06-24 17:25:01.036  1984  1984 I Telecom : InCallController: ICSBC#disconnect: unbinding after 30907 ms;[ComponentInfo{com.android.bluetooth/com.android.bluetooth.telephony.BluetoothInCallService} supportsExternal? false supportsSelfMg?true] { supportsAllowedSelfMg? false, 6, 0 }. isCrashed: false: CSW.sDc->ICC.sBU(cap)@Cww
06-24 17:25:01.036  1984  1984 I Telecom : Event: RecordEntry TC@3: UNBIND_ICS, [ComponentInfo{com.android.bluetooth/com.android.bluetooth.telephony.BluetoothInCallService} supportsExternal? false supportsSelfMg?true] { supportsAllowedSelfMg? false, 6, 0 }, UserHandle{0}: CSW.sDc->ICC.sBU(cap)@Cww
06-24 17:25:01.037  4079  4079 I BluetoothInCallService: onUnbind. Intent: Intent { act=android.telecom.InCallService xflg=0x4 cmp=com.android.bluetooth/.telephony.BluetoothInCallService }
06-24 17:25:01.039  1984  1984 W Telecom : Call: maybeOnInCallServiceTrackingChanged() request on a call without a connection service.: CSW.sDc->ICC.sBU(cap)@Cww
06-24 17:25:01.039  1984  1984 I Telecom : InCallController: onDisconnected from ComponentInfo{com.android.bluetooth/com.android.bluetooth.telephony.BluetoothInCallService}: CSW.sDc->ICC.sBU(cap)@Cww
06-24 17:25:01.119  1984  1984 I Telecom : InCallController: CSICSC: disconnect com.android.server.telecom.InCallController$EmergencyInCallServiceConnection@509714d: CSW.rC->CM.pR->ICC.oCR(cap)@CxU
06-24 17:25:01.119  1984  1984 I Telecom : InCallController$EmergencyInCallServiceConnection: Disconnecting from InCallService: CSW.rC->CM.pR->ICC.oCR(cap)@CxU
06-24 17:25:01.119  1984  1984 I Telecom : InCallController: ICSBC#disconnect: unbinding after 30978 ms;[ComponentInfo{com.google.android.dialer/com.android.incallui.InCallServiceImpl} supportsExternal? false supportsSelfMg?false] { supportsAllowedSelfMg? false, 1, 0 }. isCrashed: false: CSW.rC->CM.pR->ICC.oCR(cap)@CxU
06-24 17:25:01.119  1984  1984 I Telecom : Event: RecordEntry TC@3: UNBIND_ICS, [ComponentInfo{com.google.android.dialer/com.android.incallui.InCallServiceImpl} supportsExternal? false supportsSelfMg?false] { supportsAllowedSelfMg? false, 1, 0 }, UserHandle{0}: CSW.rC->CM.pR->ICC.oCR(cap)@CxU
06-24 17:25:01.120 18080 18080 I DialerInCallServiceImplPeer: com.android.incallui.InCallServiceImplPeer.onUnbind:133 onUnbind
06-24 17:25:01.121 18080 18080 I DialerOnUnbindListenerImpl: com.android.dialer.incall.incallservicelisteners.OnUnbindListenerImpl.onUnbind:40 enter
06-24 17:25:01.121 18080 18080 I DialerTelecomEventUiThreadBlockedTimer: com.android.incallui.TelecomEventUiThreadBlockedTimer.onEvent:59 InCallService.uiThreadBlockedByTelecomEvent blocked UI thread for 0.52 ms
06-24 17:25:01.121 18080 18080 I DialerTelecomEventUiThreadBlockedTimer: com.android.incallui.TelecomEventUiThreadBlockedTimer.onEvent:59 InCallService.uiThreadBlockedByTelecomEvent.onUnbind blocked UI thread for 0.61 ms
06-24 17:25:01.127  1984  1984 W Telecom : Call: maybeOnInCallServiceTrackingChanged() request on a call without a connection service.: CSW.rC->CM.pR->ICC.oCR(cap)@CxU
06-24 17:25:01.127  1984  1984 I Telecom : InCallController: onDisconnected from ComponentInfo{com.google.android.dialer/com.android.incallui.InCallServiceImpl}: CSW.rC->CM.pR->ICC.oCR(cap)@CxU
06-24 17:25:01.128  1984  1984 W Telecom : Call: maybeOnInCallServiceTrackingChanged() request on a call without a connection service.: CSW.rC->CM.pR->ICC.oCR(cap)@CxU
06-24 17:25:01.128  1984  1984 W Telecom : Call: maybeOnInCallServiceTrackingChanged() request on a call without a connection service.: CSW.rC->CM.pR->ICC.oCR(cap)@CxU
06-24 17:25:01.129  1984  1984 W Telecom : Call: maybeOnInCallServiceTrackingChanged() request on a call without a connection service.: CSW.rC->CM.pR->ICC.oCR(cap)@CxU
06-24 17:25:01.129  1984  1984 I Telecom : InCallController: ICSBC#disconnect: unbinding after 30980 ms;[ComponentInfo{com.google.android.googlequicksearchbox/com.google.android.libraries.search.assistant.incallservice.IncomingCallInCallService} supportsExternal? false supportsSelfMg?false] { supportsAllowedSelfMg? false, 4, 0 }. isCrashed: false: CSW.rC->CM.pR->ICC.oCR(cap)@CxU
06-24 17:25:01.129  1984  1984 I Telecom : Event: RecordEntry TC@3: UNBIND_ICS, [ComponentInfo{com.google.android.googlequicksearchbox/com.google.android.libraries.search.assistant.incallservice.IncomingCallInCallService} supportsExternal? false supportsSelfMg?false] { supportsAllowedSelfMg? false, 4, 0 }, UserHandle{0}: CSW.rC->CM.pR->ICC.oCR(cap)@CxU
06-24 17:25:01.129 19198 19198 I BankScamCallService: onDestroy called [CONTEXT service_id=435 ]
06-24 17:25:01.130  1984  1984 W Telecom : Call: maybeOnInCallServiceTrackingChanged() request on a call without a connection service.: CSW.rC->CM.pR->ICC.oCR(cap)@CxU
06-24 17:25:01.130  1984  1984 I Telecom : InCallController: onDisconnected from ComponentInfo{com.google.android.googlequicksearchbox/com.google.android.libraries.search.assistant.incallservice.IncomingCallInCallService}: CSW.rC->CM.pR->ICC.oCR(cap)@CxU
06-24 17:25:01.131  1984  1984 W Telecom : Call: maybeOnInCallServiceTrackingChanged() request on a call without a connection service.: CSW.rC->CM.pR->ICC.oCR(cap)@CxU
06-24 17:25:01.133 19198 19198 I BankScamCallService: (REDACTED) Broadcast sent: call ended for session %s
06-24 17:35:28.627 19131 19131 D CallService: Bluetooth Mic enabled in settings. WebRTC will handle routing.
06-24 17:35:39.108  1984  2004 I ActivityManager: Background started FGS: Allowed [callingPackage: com.tylerhats.proxitap; callingUid: 10380; uidState: TOP ; uidBFSL: [BFSL]; intent: Intent { xflg=0x4 cmp=com.tylerhats.proxitap/.audio.CallService (has extras) }; code:PROC_STATE_TOP; tempAllowListReason:<null>; allowWiu:12; targetSdkVersion:35; callerTargetSdkVersion:35; startForegroundCount:0; bindFromPackage:null: isBindService:false]
06-24 17:35:39.145  1984 13253 I ActivityManager: Background started FGS: Allowed [callingPackage: com.tylerhats.proxitap; callingUid: 10380; uidState: TOP ; uidBFSL: [BFSL]; intent: Intent { cmp=com.tylerhats.proxitap/.audio.CallService }; code:PROC_STATE_TOP; tempAllowListReason:<null>; allowWiu:12; targetSdkVersion:35; callerTargetSdkVersion:35; startForegroundCount:0; bindFromPackage:null: isBindService:false]; startForegroundDelayMs:10656
06-24 17:35:39.160 19131 19131 D WebRtcClient: Initializing WebRTC
06-24 17:35:39.297 19131 19131 D WebRtcClient: Local Audio Track created.
06-24 17:35:39.878 19131 22389 D CallService: Received synced settings from Host: Bitrate=32000 DTX=true
06-24 17:35:39.878 19131 22389 D WebRtcClient: Applying settings: Bitrate=32000 DTX=true
06-24 17:35:39.963 19131 22389 D WebRtcClient: Creating PeerConnection for HOST
06-24 17:35:39.983 19131 22389 D WebRtcClient: Handling remote offer from HOST
06-24 17:35:39.986 19131 22378 D WebRtcClient: Received remote track from HOST
06-24 17:35:40.088 19131 22392 D CallService: UDP Proxy started! Listen: 39067, Target: 57110
06-24 17:35:40.089 19131 22378 D WebRtcClient: ICE Connection State for HOST: CHECKING
06-24 17:35:40.233 19131 22378 D WebRtcClient: ICE Connection State for HOST: CONNECTED
06-24 17:36:05.916 19131 22378 D WebRtcClient: ICE Connection State for HOST: DISCONNECTED
06-24 17:36:05.965 19131 22436 D CallService: Host closed the session. Ending call.
06-24 17:36:05.967 19131 22436 D CallService: Ending call
06-24 17:36:05.984 19131 22436 D WebRtcClient: Disposing WebRTC Client
06-24 17:36:05.985 19131 22378 D WebRtcClient: ICE Connection State for HOST: CLOSED
06-24 17:36:06.013 19131 22436 D ConnectivityManager: StackLog: [android.net.ConnectivityManager.unregisterNetworkCallback(ConnectivityManager.java:5579)] [com.tylerhats.proxitap.network.NanImpl.stop(NanImpl.kt:99)] [com.tylerhats.proxitap.audio.CallService.endCall(CallService.kt:712)] [com.tylerhats.proxitap.audio.CallService$startPeerSignaling$1$1$1.emit(CallService.kt:565)] [com.tylerhats.proxitap.audio.CallService$startPeerSignaling$1$1$1.emit(CallService.kt:560)] [kotlinx.coroutines.flow.SharedFlowImpl.collect$suspendImpl(SharedFlow.kt:382)] [kotlinx.coroutines.flow.SharedFlowImpl$collect$1.invokeSuspend(SharedFlow.kt:15)] [kotlin.coroutines.jvm.internal.BaseContinuationImpl.resumeWith(ContinuationImpl.kt:33)] [kotlinx.coroutines.DispatchedTask.run(DispatchedTask.kt:108)] [kotlinx.coroutines.internal.LimitedDispatcher$Worker.run(LimitedDispatcher.kt:115)] [kotlinx.coroutines.scheduling.TaskImpl.run(Tasks.kt:103)] [kotlinx.coroutines.scheduling.CoroutineScheduler.runSafely(CoroutineScheduler.kt:584)] [kotlinx.coroutines.scheduling.CoroutineScheduler$Worker.executeTask(CoroutineScheduler.kt:793)] [kotlinx.coroutines.scheduling.CoroutineScheduler$Worker.runWorker(CoroutineScheduler.kt:697)] [kotlinx.coroutines.scheduling.CoroutineScheduler$Worker.run(CoroutineScheduler.kt:684)]
06-24 17:36:07.983  1984 14126 I ActivityManager: Background started FGS: Allowed [callingPackage: com.tylerhats.proxitap; callingUid: 10380; uidState: TOP ; uidBFSL: [BFSL]; intent: Intent { xflg=0x4 cmp=com.tylerhats.proxitap/.audio.CallService (has extras) }; code:PROC_STATE_TOP; tempAllowListReason:<setPendingIntentAllowlistDuration,reason:NotificationManagerService,pendingintent:u0a47:android.intent.action.MAIN,reasonCode:NOTIFICATION_SERVICE,duration:30000,callingUid:10047>; allowWiu:12; targetSdkVersion:35; callerTargetSdkVersion:35; startForegroundCount:1; bindFromPackage:null: isBindService:false]
06-24 17:36:07.995 19131 19131 D WebRtcClient: Initializing WebRTC
06-24 17:36:08.001 19131 19131 D WebRtcClient: Local Audio Track created.
06-24 17:36:08.066  1984 13067 W ActivityManager: Scheduling restart of crashed service com.tylerhats.proxitap/.audio.CallService in 1000ms for start-requested
06-24 17:36:09.086  1984  2394 I ActivityManager: Start proc 22775:com.tylerhats.proxitap/u0a380 for service {com.tylerhats.proxitap/com.tylerhats.proxitap.audio.CallService}
06-24 17:36:09.440 22775 22775 D CallService: Bluetooth Mic enabled in settings. WebRTC will handle routing.
06-24 17:36:09.459 22775 22775 D WebRtcClient: Initializing WebRTC
06-24 17:36:09.549 22775 22775 D WebRtcClient: Local Audio Track created.
06-24 17:36:12.153  1984  3799 I ActivityManager: Background started FGS: Allowed [callingPackage: com.tylerhats.proxitap; callingUid: 10380; uidState: TOP ; uidBFSL: [BFSL]; intent: Intent { xflg=0x4 cmp=com.tylerhats.proxitap/.audio.CallService }; code:PROC_STATE_TOP; tempAllowListReason:<null>; allowWiu:12; targetSdkVersion:35; callerTargetSdkVersion:35; startForegroundCount:2; bindFromPackage:null: isBindService:true]
06-24 17:36:20.010 22775 22868 D CallService: Peer 11aba323-2552-4df9-aab4-468f3f2f0cab joined.
06-24 17:36:20.011 22775 22868 D WebRtcClient: Creating PeerConnection for 11aba323-2552-4df9-aab4-468f3f2f0cab
06-24 17:36:20.016 22775 22868 D WebRtcClient: Creating offer for 11aba323-2552-4df9-aab4-468f3f2f0cab
06-24 17:36:20.140 22775 22869 D WebRtcClient: Handling remote answer from 11aba323-2552-4df9-aab4-468f3f2f0cab
06-24 17:36:20.142 22775 22792 D WebRtcClient: ICE Connection State for 11aba323-2552-4df9-aab4-468f3f2f0cab: CHECKING
06-24 17:36:20.240 22775 22871 D CallService: UDP Proxy started! Listen: 44675, Target: 56455
06-24 17:36:28.170 22775 22775 D CallService: Ending call
06-24 17:36:28.180 22775 22775 D WebRtcClient: Disposing WebRTC Client
06-24 17:36:28.182 22775 22792 D WebRtcClient: ICE Connection State for 11aba323-2552-4df9-aab4-468f3f2f0cab: CLOSED
06-24 17:36:29.361 22775 22775 D ConnectivityManager: StackLog: [android.net.ConnectivityManager.unregisterNetworkCallback(ConnectivityManager.java:5579)] [com.tylerhats.proxitap.network.NanImpl.stop(NanImpl.kt:99)] [com.tylerhats.proxitap.audio.CallService.endCall(CallService.kt:712)] [com.tylerhats.proxitap.MainActivityKt$ProxiTapApp$3$13.invoke$lambda$21(MainActivity.kt:404)] [com.tylerhats.proxitap.MainActivityKt$ProxiTapApp$3$13.$r8$lambda$zOxb1A66fvS0zDga8j3iEC0l3Cg(MainActivity.kt:0)] [com.tylerhats.proxitap.MainActivityKt$ProxiTapApp$3$13$$ExternalSyntheticLambda5.invoke(D8$$SyntheticClass:0)] [androidx.compose.foundation.ClickablePointerInputNode$pointerInput$3.invoke-k-4lQ0M(Clickable.kt:987)] [androidx.compose.foundation.ClickablePointerInputNode$pointerInput$3.invoke(Clickable.kt:981)] [androidx.compose.foundation.gestures.TapGestureDetectorKt$detectTapAndPress$2$1.invokeSuspend(TapGestureDetector.kt:255)] [kotlin.coroutines.jvm.internal.BaseContinuationImpl.resumeWith(ContinuationImpl.kt:33)] [kotlinx.coroutines.DispatchedTaskKt.resume(DispatchedTask.kt:179)] [kotlinx.coroutines.DispatchedTaskKt.dispatch(DispatchedTask.kt:168)] [kotlinx.coroutines.CancellableContinuationImpl.dispatchResume(CancellableContinuationImpl.kt:474)] [kotlinx.coroutines.CancellableContinuationImpl.resumeImpl(CancellableContinuationImpl.kt:508)] [kotlinx.coroutines.CancellableContinuationImpl.resumeImpl$default(CancellableContinuationImpl.kt:497)] [kotlinx.coroutines.CancellableContinuationImpl.resumeWith(CancellableContinuationImpl.kt:368)] [androidx.compose.ui.input.pointer.SuspendingPointerInputModifierNodeImpl$PointerEventHandlerCoroutine.offerPointerEvent(SuspendingPointerInputFilter.kt:665)] [androidx.compose.ui.input.pointer.SuspendingPointerInputModifierNodeImpl.dispatchPointerEvent(SuspendingPointerInputFilter.kt:544)] [androidx.compose.ui.input.pointer.SuspendingPointerInputModifierNodeImpl.onPointerEvent-H0pRuoY(SuspendingPointerInputFilter.kt:566)] [androidx.compose.foundation.AbstractClickablePointerInputNode.onPointerEvent-H0pRuoY(Clickable.kt:947)] [androidx.compose.foundation.AbstractClickableNode.onPointerEvent-H0pRuoY(Clickable.kt:795)] [androidx.compose.ui.input.pointer.Node.dispatchMainEventPass(HitPathTracker.kt:317)] [androidx.compose.ui.input.pointer.Node.dispatchMainEventPass(HitPathTracker.kt:303)] [androidx.compose.ui.input.pointer.Node.dispatchMainEventPass(HitPathTracker.kt:303)] [androidx.compose.ui.input.pointer.NodeParent.dispatchMainEventPass(HitPathTracker.kt:185)] [androidx.compose.ui.input.pointer.HitPathTracker.dispatchChanges(HitPathTracker.kt:104)] [androidx.compose.ui.input.pointer.PointerInputEventProcessor.process-BIzXfog(PointerInputEventProcessor.kt:113)] [androidx.compose.ui.platform.AndroidComposeView.sendMotionEvent-8iAsVTc(AndroidComposeView.android.kt:1576)] [androidx.compose.ui.platform.AndroidComposeView.handleMotionEvent-8iAsVTc(AndroidComposeView.android.kt:1527)] [androidx.compose.ui.platform.AndroidComposeView.dispatchTouchEvent(AndroidComposeView.android.kt:1466)] [android.view.ViewGroup.dispatchTransformedTouchEvent(ViewGroup.java:3371)] [android.view.ViewGroup.dispatchTouchEvent(ViewGroup.java:3047)] [android.view.ViewGroup.dispatchTransformedTouchEvent(ViewGroup.java:3371)] [android.view.ViewGroup.dispatchTouchEvent(ViewGroup.java:3047)] [android.view.ViewGroup.dispatchTransformedTouchEvent(ViewGroup.java:3371)] [android.view.ViewGroup.dispatchTouchEvent(ViewGroup.java:3047)] [android.view.ViewGroup.dispatchTransformedTouchEvent(ViewGroup.java:3371)] [android.view.ViewGroup.dispatchTouchEvent(ViewGroup.java:3047)] [com.android.internal.policy.DecorView.superDispatchTouchEvent(DecorView.java:770)] [com.android.internal.policy.PhoneWindow.superDispatchTouchEvent(PhoneWindow.java:2118)] [android.app.Activity.dispatchTouchEvent(Activity.java:4776)] [com.android.internal.policy.DecorView.dispatchTouchEvent(DecorView.java:728)] [android.view.View.dispatchPointerEvent(View.java:17527)] [android.view.ViewRootImpl$ViewPostImeInputStage.processPointerEvent(ViewRootImpl.java:9847)] [android.
06-24 17:36:42.630 23240 23240 D CallService: Bluetooth Mic enabled in settings. WebRTC will handle routing.
06-24 17:36:45.615  1984  5335 I ActivityManager: Background started FGS: Allowed [callingPackage: com.tylerhats.proxitap; callingUid: 10380; uidState: TOP ; uidBFSL: [BFSL]; intent: Intent { xflg=0x4 cmp=com.tylerhats.proxitap/.audio.CallService (has extras) }; code:PROC_STATE_TOP; tempAllowListReason:<null>; allowWiu:12; targetSdkVersion:35; callerTargetSdkVersion:35; startForegroundCount:0; bindFromPackage:null: isBindService:false]
06-24 17:36:45.643 23240 23240 D WebRtcClient: Initializing WebRTC
06-24 17:36:45.749 23240 23240 D WebRtcClient: Local Audio Track created.
06-24 17:36:52.073 23240 23302 D CallService: Peer 0ebd2693-be34-4658-a570-7513afa78c8e joined.
06-24 17:36:52.073 23240 23302 D WebRtcClient: Creating PeerConnection for 0ebd2693-be34-4658-a570-7513afa78c8e
06-24 17:36:52.079 23240 23302 D WebRtcClient: Creating offer for 0ebd2693-be34-4658-a570-7513afa78c8e
06-24 17:36:52.210 23240 23300 D WebRtcClient: Handling remote answer from 0ebd2693-be34-4658-a570-7513afa78c8e
06-24 17:36:52.212 23240 23290 D WebRtcClient: ICE Connection State for 0ebd2693-be34-4658-a570-7513afa78c8e: CHECKING
06-24 17:36:52.316 23240 23286 D CallService: UDP Proxy started! Listen: 49572, Target: 34738
06-24 17:36:52.463 23240 23290 D WebRtcClient: ICE Connection State for 0ebd2693-be34-4658-a570-7513afa78c8e: CONNECTED
06-24 17:36:52.463 23240 23290 D WebRtcClient: ICE Connection State for 0ebd2693-be34-4658-a570-7513afa78c8e: COMPLETED
06-24 17:36:58.545 23240 23302 D CallService: Peer 0ebd2693-be34-4658-a570-7513afa78c8e left.
06-24 17:36:58.547 23240 23290 D WebRtcClient: ICE Connection State for 0ebd2693-be34-4658-a570-7513afa78c8e: CLOSED
06-24 17:36:58.715 23240 23302 D WebRtcClient: Peer connection removed for 0ebd2693-be34-4658-a570-7513afa78c8e
06-24 17:36:58.715 23240 23302 D WebRtcClient: All peers disconnected. Local audio track remains alive for future connections.
06-24 17:37:05.384 23240 23284 D CallService: Peer 0ebd2693-be34-4658-a570-7513afa78c8e joined.
06-24 17:37:05.384 23240 23284 D WebRtcClient: Creating PeerConnection for 0ebd2693-be34-4658-a570-7513afa78c8e
06-24 17:37:05.393 23240 23284 D WebRtcClient: Creating offer for 0ebd2693-be34-4658-a570-7513afa78c8e
06-24 17:37:05.511 23240 23302 D WebRtcClient: Handling remote answer from 0ebd2693-be34-4658-a570-7513afa78c8e
06-24 17:37:05.512 23240 23290 D WebRtcClient: ICE Connection State for 0ebd2693-be34-4658-a570-7513afa78c8e: CHECKING
06-24 17:37:10.539 23240 23240 D CallService: Ending call
06-24 17:37:10.545 23240 23240 D WebRtcClient: Disposing WebRTC Client
06-24 17:37:10.546 23240 23290 D WebRtcClient: ICE Connection State for 0ebd2693-be34-4658-a570-7513afa78c8e: CLOSED
06-24 17:37:11.594 23240 23240 D ConnectivityManager: StackLog: [android.net.ConnectivityManager.unregisterNetworkCallback(ConnectivityManager.java:5579)] [com.tylerhats.proxitap.network.NanImpl.stop(NanImpl.kt:99)] [com.tylerhats.proxitap.audio.CallService.endCall(CallService.kt:712)] [com.tylerhats.proxitap.MainActivityKt$ProxiTapApp$3$13.invoke$lambda$21(MainActivity.kt:404)] [com.tylerhats.proxitap.MainActivityKt$ProxiTapApp$3$13.$r8$lambda$zOxb1A66fvS0zDga8j3iEC0l3Cg(MainActivity.kt:0)] [com.tylerhats.proxitap.MainActivityKt$ProxiTapApp$3$13$$ExternalSyntheticLambda5.invoke(D8$$SyntheticClass:0)] [androidx.compose.foundation.ClickablePointerInputNode$pointerInput$3.invoke-k-4lQ0M(Clickable.kt:987)] [androidx.compose.foundation.ClickablePointerInputNode$pointerInput$3.invoke(Clickable.kt:981)] [androidx.compose.foundation.gestures.TapGestureDetectorKt$detectTapAndPress$2$1.invokeSuspend(TapGestureDetector.kt:255)] [kotlin.coroutines.jvm.internal.BaseContinuationImpl.resumeWith(ContinuationImpl.kt:33)] [kotlinx.coroutines.DispatchedTaskKt.resume(DispatchedTask.kt:179)] [kotlinx.coroutines.DispatchedTaskKt.dispatch(DispatchedTask.kt:168)] [kotlinx.coroutines.CancellableContinuationImpl.dispatchResume(CancellableContinuationImpl.kt:474)] [kotlinx.coroutines.CancellableContinuationImpl.resumeImpl(CancellableContinuationImpl.kt:508)] [kotlinx.coroutines.CancellableContinuationImpl.resumeImpl$default(CancellableContinuationImpl.kt:497)] [kotlinx.coroutines.CancellableContinuationImpl.resumeWith(CancellableContinuationImpl.kt:368)] [androidx.compose.ui.input.pointer.SuspendingPointerInputModifierNodeImpl$PointerEventHandlerCoroutine.offerPointerEvent(SuspendingPointerInputFilter.kt:665)] [androidx.compose.ui.input.pointer.SuspendingPointerInputModifierNodeImpl.dispatchPointerEvent(SuspendingPointerInputFilter.kt:544)] [androidx.compose.ui.input.pointer.SuspendingPointerInputModifierNodeImpl.onPointerEvent-H0pRuoY(SuspendingPointerInputFilter.kt:566)] [androidx.compose.foundation.AbstractClickablePointerInputNode.onPointerEvent-H0pRuoY(Clickable.kt:947)] [androidx.compose.foundation.AbstractClickableNode.onPointerEvent-H0pRuoY(Clickable.kt:795)] [androidx.compose.ui.input.pointer.Node.dispatchMainEventPass(HitPathTracker.kt:317)] [androidx.compose.ui.input.pointer.Node.dispatchMainEventPass(HitPathTracker.kt:303)] [androidx.compose.ui.input.pointer.Node.dispatchMainEventPass(HitPathTracker.kt:303)] [androidx.compose.ui.input.pointer.NodeParent.dispatchMainEventPass(HitPathTracker.kt:185)] [androidx.compose.ui.input.pointer.HitPathTracker.dispatchChanges(HitPathTracker.kt:104)] [androidx.compose.ui.input.pointer.PointerInputEventProcessor.process-BIzXfog(PointerInputEventProcessor.kt:113)] [androidx.compose.ui.platform.AndroidComposeView.sendMotionEvent-8iAsVTc(AndroidComposeView.android.kt:1576)] [androidx.compose.ui.platform.AndroidComposeView.handleMotionEvent-8iAsVTc(AndroidComposeView.android.kt:1527)] [androidx.compose.ui.platform.AndroidComposeView.dispatchTouchEvent(AndroidComposeView.android.kt:1466)] [android.view.ViewGroup.dispatchTransformedTouchEvent(ViewGroup.java:3371)] [android.view.ViewGroup.dispatchTouchEvent(ViewGroup.java:3047)] [android.view.ViewGroup.dispatchTransformedTouchEvent(ViewGroup.java:3371)] [android.view.ViewGroup.dispatchTouchEvent(ViewGroup.java:3047)] [android.view.ViewGroup.dispatchTransformedTouchEvent(ViewGroup.java:3371)] [android.view.ViewGroup.dispatchTouchEvent(ViewGroup.java:3047)] [android.view.ViewGroup.dispatchTransformedTouchEvent(ViewGroup.java:3371)] [android.view.ViewGroup.dispatchTouchEvent(ViewGroup.java:3047)] [com.android.internal.policy.DecorView.superDispatchTouchEvent(DecorView.java:770)] [com.android.internal.policy.PhoneWindow.superDispatchTouchEvent(PhoneWindow.java:2118)] [android.app.Activity.dispatchTouchEvent(Activity.java:4776)] [com.android.internal.policy.DecorView.dispatchTouchEvent(DecorView.java:728)] [android.view.View.dispatchPointerEvent(View.java:17527)] [android.view.ViewRootImpl$ViewPostImeInputStage.processPointerEvent(ViewRootImpl.java:9847)] [android.
