06-24 16:37:45.751 21491 21491 E AndroidRuntime: Process: com.tylerhats.proxitap, PID: 21491
06-24 16:37:45.751 21491 21491 E AndroidRuntime: 	at com.tylerhats.proxitap.audio.CallService.initializeCall(CallService.kt:217)
06-24 16:37:45.751 21491 21491 E AndroidRuntime: 	at com.tylerhats.proxitap.MainActivityKt$ProxiTapApp$3$9$2.invokeSuspend(MainActivity.kt:234)
06-24 16:40:19.610 22587 22587 E AndroidRuntime: Process: com.tylerhats.proxitap, PID: 22587
06-24 16:40:19.610 22587 22587 E AndroidRuntime: 	at com.tylerhats.proxitap.audio.CallService.initializeCall(CallService.kt:217)
06-24 16:40:19.610 22587 22587 E AndroidRuntime: 	at com.tylerhats.proxitap.MainActivityKt$ProxiTapApp$3$9$2.invokeSuspend(MainActivity.kt:234)
06-24 17:31:03.653 31936 31936 D ActivityThread: Package [com.tylerhats.proxitap] reported as REPLACED, but missing application info. Assuming REMOVED.
06-24 17:31:03.656 31936 31936 D ActivityThread: Package [com.tylerhats.proxitap] reported as REPLACED, but missing application info. Assuming REMOVED.
06-24 17:31:31.852 23142 23142 D ActivityThread: Package [com.tylerhats.proxitap] reported as REPLACED, but missing application info. Assuming REMOVED.
06-24 17:31:31.860 23142 23142 D ActivityThread: Package [com.tylerhats.proxitap] reported as REPLACED, but missing application info. Assuming REMOVED.
06-24 17:35:27.588  1568  4852 V ActivityTaskManager: TaskLaunchParamsModifier: phase=3 task=Task{b053c5e #9140 type=standard A=10598:com.tylerhats.proxitap} activity=ActivityRecord{132170137 u0 com.tylerhats.proxitap/.MainActivity t-1} display-from-option=0 display-id=0 task-display-area-windowing-mode=1 suggested-display-area=DefaultTaskDisplayArea@206973748 inherit-from-source=fullscreen non-freeform-task-display-area display-area=DefaultTaskDisplayArea@206973748 skip-bounds-fullscreen
06-24 17:35:27.588  1568  4852 I ActivityTaskManager: START u0 {act=android.intent.action.MAIN cat=[android.intent.category.LAUNCHER] flg=0x10200000 xflg=0x4 cmp=com.tylerhats.proxitap/.MainActivity bnds=[37,515][354,845]} with LAUNCH_MULTIPLE from uid 10253 (com.google.android.apps.nexuslauncher) (sr=161532344) (BAL_ALLOW_VISIBLE_WINDOW) result code=0
06-24 17:35:27.590  2667  2690 V WindowManagerShell: Transition requested (#3904): android.os.BinderProxy@5bfc46a TransitionRequestInfo { type = OPEN, triggerTask = TaskInfo{userId=0 taskId=9140 effectiveUid=10598 displayId=0 isRunning=true baseIntent=Intent { act=android.intent.action.MAIN cat=[android.intent.category.LAUNCHER] flg=0x10200000 cmp=com.tylerhats.proxitap/.MainActivity } baseActivity=ComponentInfo{com.tylerhats.proxitap/com.tylerhats.proxitap.MainActivity} topActivity=ComponentInfo{com.tylerhats.proxitap/com.tylerhats.proxitap.MainActivity} origActivity=null realActivity=ComponentInfo{com.tylerhats.proxitap/com.tylerhats.proxitap.MainActivity} realActivityIsAppLockEnabled=false numActivities=1 lastActiveTime=488230086 supportsMultiWindow=true resizeMode=1 isResizeable=true minWidth=-1 minHeight=-1 defaultMinSize=220 token=WCT{android.os.BinderProxy@47b1d5b} topActivityType=1 pictureInPictureParams=null shouldDockBigOverlays=false launchIntoPipHostTaskId=-1 lastParentTaskIdBeforePip=-1 displayCutoutSafeInsets=Rect(0, 200 - 0, 0) topActivityInfo=ActivityInfo{abf69f8 com.tylerhats.proxitap.MainActivity} launchCookies=[android.os.BinderProxy@399ded1] positionInParent=Point(0, 0) parentTaskId=-1 isFocused=false isVisible=false isVisibleRequested=false isTopActivityNoDisplay=false isSleeping=false locusId=null displayAreaFeatureId=1 isTopActivityTransparent=false isActivityStackTransparent=false lastNonFullscreenBounds=null leafTaskBoundsFromOptions= false capturedLink=null capturedLinkTimestamp=0 requestedVisibleTypes=503 topActivityRequestOpenInBrowserEducationTimestamp=0 appCompatTaskInfo=AppCompatTaskInfo { topActivityInSizeCompat=false isLeafTask= true eligibleForLetterboxEducation= false isLetterboxEducationEnabled= false isLetterboxDoubleTapEnabled= false eligibleForUserAspectRatioButton= false topActivityBoundsLetterboxed= false isFromLetterboxDoubleTap= false topActivityLetterboxVerticalPosition= -1 topActivityLetterboxHorizontalPosition= -1 topActivityLetterboxWidth=-1 topActivityLetterboxHeight=-1 topActivityAppBounds=Rect(0, 0 - 1344, 2992) isUserFullscreenOverrideEnabled=false isSystemFullscreenOverrideEnabled=false hasMinAspectRatioOverride=false topActivityLetterboxBounds=null topNonResizableActivityAspectRatio=-1.0} topActivityMainWindowFrame=null isAppBubble=false}, pipChange = null, remoteTransitionInfo = RemoteTransitionInfo { remoteTransition = android.window.IRemoteTransition$Stub$Proxy@10dbd36, debugName = QuickstepLaunch }, displayChange = null, requestedLocation = null, userChange = null, windowingLayerChange = null, fullscreenRequestChange = null, flags = 0, debugId = 3904 }
06-24 17:35:27.609  1568  1695 I ActivityManager: Start proc 31213:com.tylerhats.proxitap/u0a598 for next-top-activity {com.tylerhats.proxitap/com.tylerhats.proxitap.MainActivity}
06-24 17:35:27.614  1568  4852 D CoreBackPreview: Window{1d00ad1 u0 Splash Screen com.tylerhats.proxitap}: Setting back callback OnBackInvokedCallbackInfo{mCallback=android.window.IOnBackInvokedCallback$Stub$Proxy@7b8f2c2, mPriority=0, mIsAnimationCallback=false, mOverrideBehavior=0}
06-24 17:35:27.622  1568  1674 V WindowManager: Sent Transition (#3904) createdAt=06-24 17:35:27.583 via request=TransitionRequestInfo { type = OPEN, triggerTask = TaskInfo{userId=0 taskId=9140 effectiveUid=10598 displayId=0 isRunning=true baseIntent=Intent { act=android.intent.action.MAIN cat=[android.intent.category.LAUNCHER] flg=0x10200000 cmp=com.tylerhats.proxitap/.MainActivity } baseActivity=ComponentInfo{com.tylerhats.proxitap/com.tylerhats.proxitap.MainActivity} topActivity=ComponentInfo{com.tylerhats.proxitap/com.tylerhats.proxitap.MainActivity} origActivity=null realActivity=ComponentInfo{com.tylerhats.proxitap/com.tylerhats.proxitap.MainActivity} realActivityIsAppLockEnabled=false numActivities=1 lastActiveTime=488230086 supportsMultiWindow=true resizeMode=1 isResizeable=true minWidth=-1 minHeight=-1 defaultMinSize=220 token=WCT{RemoteToken{42906c5 Task{b053c5e #9140 type=standard A=10598:com.tylerhats.proxitap}}} topActivityType=1 pictureInPictureParams=null shouldDockBigOverlays=false launchIntoPipHostTaskId=-1 lastParentTaskIdBeforePip=-1 displayCutoutSafeInsets=Rect(0, 200 - 0, 0) topActivityInfo=ActivityInfo{6e6181a com.tylerhats.proxitap.MainActivity} launchCookies=[android.os.BinderProxy@96c5f4b] positionInParent=Point(0, 0) parentTaskId=-1 isFocused=false isVisible=false isVisibleRequested=false isTopActivityNoDisplay=false isSleeping=false locusId=null displayAreaFeatureId=1 isTopActivityTransparent=false isActivityStackTransparent=false lastNonFullscreenBounds=null leafTaskBoundsFromOptions= false capturedLink=null capturedLinkTimestamp=0 requestedVisibleTypes=503 topActivityRequestOpenInBrowserEducationTimestamp=0 appCompatTaskInfo=AppCompatTaskInfo { topActivityInSizeCompat=false isLeafTask= true eligibleForLetterboxEducation= false isLetterboxEducationEnabled= false isLetterboxDoubleTapEnabled= false eligibleForUserAspectRatioButton= false topActivityBoundsLetterboxed= false isFromLetterboxDoubleTap= false topActivityLetterboxVerticalPosition= -1 topActivityLetterboxHorizontalPosition= -1 topActivityLetterboxWidth=-1 topActivityLetterboxHeight=-1 topActivityAppBounds=Rect(0, 0 - 1344, 2992) isUserFullscreenOverrideEnabled=false isSystemFullscreenOverrideEnabled=false hasMinAspectRatioOverride=false topActivityLetterboxBounds=null topNonResizableActivityAspectRatio=-1.0} topActivityMainWindowFrame=null isAppBubble=false}, pipChange = null, remoteTransitionInfo = RemoteTransitionInfo { remoteTransition = android.window.IRemoteTransition$Stub$Proxy@72f9d28, debugName = QuickstepLaunch }, displayChange = null, requestedLocation = null, userChange = null, windowingLayerChange = null, fullscreenRequestChange = null, flags = 0, debugId = 3904 }
06-24 17:35:27.622  1568  1674 V WindowManager:         {WCT{RemoteToken{42906c5 Task{b053c5e #9140 type=standard A=10598:com.tylerhats.proxitap}}} m=OPEN f=NONE leash=Surface(name=Task=9140#46478)/@0x7c2a8d3 sb=Rect(0, 0 - 1344, 2992) eb=Rect(0, 0 - 1344, 2992) epz=Point(1344, 2992) d=0 taskParent=-1 winMode=1 userId=0},
06-24 17:35:27.859  1568  2444 I AppsFilter: interaction: PackageSetting{ec8bd1f com.tylerhats.proxitap/10598} -> PackageSetting{20e2bb6 com.google.android.apps.nexuslauncher/10253} BLOCKED
06-24 17:35:27.867  1568  1675 W AppWarnings: Showing PageSizeMismatchDialog for package com.tylerhats.proxitap
06-24 17:35:28.146  1568  3195 D CoreBackPreview: Window{ec82473 u0 com.tylerhats.proxitap/com.tylerhats.proxitap.MainActivity}: Setting back callback OnBackInvokedCallbackInfo{mCallback=android.window.IOnBackInvokedCallback$Stub$Proxy@7a4be89, mPriority=0, mIsAnimationCallback=false, mOverrideBehavior=0}
06-24 17:35:28.246  1568  5171 I MediaSessionStack: addSession to bottom of stack | record: com.tylerhats.proxitap/ProxiTap_PTT/218 (userId=0)
06-24 17:35:28.247  1568  5171 I MediaSessionStack: onPlaybackStateChanged - Pushing session to top | record: com.tylerhats.proxitap/ProxiTap_PTT/218 (userId=0)
06-24 17:35:28.584  1568  3027 D CoreBackPreview: Window{1d00ad1 u0 Splash Screen com.tylerhats.proxitap EXITING}: Setting back callback null
06-24 17:35:29.622 17956 17956 D ActivityThread: Package [com.tylerhats.proxitap] reported as REPLACED, but missing application info. Assuming REMOVED.
06-24 17:35:29.655 17956 17956 D ActivityThread: Package [com.tylerhats.proxitap] reported as REPLACED, but missing application info. Assuming REMOVED.
06-24 17:35:29.679  9373  9373 D ActivityThread: Package [com.tylerhats.proxitap] reported as REPLACED, but missing application info. Assuming REMOVED.
06-24 17:35:29.692  9373  9373 D ActivityThread: Package [com.tylerhats.proxitap] reported as REPLACED, but missing application info. Assuming REMOVED.
06-24 17:35:29.694  9341  9341 D ActivityThread: Package [com.tylerhats.proxitap] reported as REPLACED, but missing application info. Assuming REMOVED.
06-24 17:35:29.695  9341  9341 D ActivityThread: Package [com.tylerhats.proxitap] reported as REPLACED, but missing application info. Assuming REMOVED.
06-24 17:35:29.697  9369  9369 D ActivityThread: Package [com.tylerhats.proxitap] reported as REPLACED, but missing application info. Assuming REMOVED.
06-24 17:35:29.714  9369  9369 D ActivityThread: Package [com.tylerhats.proxitap] reported as REPLACED, but missing application info. Assuming REMOVED.
06-24 17:35:29.778 23182 23182 D ActivityThread: Package [com.tylerhats.proxitap] reported as REPLACED, but missing application info. Assuming REMOVED.
06-24 17:35:29.782 23182 23182 D ActivityThread: Package [com.tylerhats.proxitap] reported as REPLACED, but missing application info. Assuming REMOVED.
06-24 17:35:29.788   352   352 D ActivityThread: Package [com.tylerhats.proxitap] reported as REPLACED, but missing application info. Assuming REMOVED.
06-24 17:35:29.798   352   352 D ActivityThread: Package [com.tylerhats.proxitap] reported as REPLACED, but missing application info. Assuming REMOVED.
06-24 17:35:29.797  7985  7985 D ActivityThread: Package [com.tylerhats.proxitap] reported as REPLACED, but missing application info. Assuming REMOVED.
06-24 17:35:29.802  7985  7985 D ActivityThread: Package [com.tylerhats.proxitap] reported as REPLACED, but missing application info. Assuming REMOVED.
06-24 17:35:29.876  1568  2444 W PackageConfigPersister: App-specific configuration not found for packageName: com.tylerhats.proxitap and userId: 0
06-24 17:35:32.016  1568  4869 I ActivityManager: Background started FGS: Allowed [callingPackage: com.tylerhats.proxitap; callingUid: 10598; uidState: TOP ; uidBFSL: [BFSL]; intent: Intent { xflg=0x4 cmp=com.tylerhats.proxitap/.audio.CallService (has extras) }; code:PROC_STATE_TOP; tempAllowListReason:<null>; allowWiu:12; targetSdkVersion:35; callerTargetSdkVersion:35; startForegroundCount:0; bindFromPackage:null: isBindService:false]
06-24 17:35:32.462  1568  4869 E AppOps  : attributionTag  not declared in manifest of com.tylerhats.proxitap
06-24 17:35:32.462  1568  1642 E AppOps  : attributionTag  not declared in manifest of com.tylerhats.proxitap
06-24 17:35:32.577  1568  1568 I Telecom : VoipCallMonitor: onNotificationPosted: sbn=[StatusBarNotification(pkg=com.tylerhats.proxitap user=UserHandle{0} id=1 tag=null key=0|com.tylerhats.proxitap|1|null|10598: Notification(channel=proxitap_call_channel shortcut=null contentView=null vibrate=null sound=null defaults=0 flags=ONGOING_EVENT|NO_CLEAR|FOREGROUND_SERVICE|NO_DISMISS color=0x00000000 category=call actions=2 vis=PRIVATE))]
06-24 17:36:07.075  1568  1642 E AppOps  : attributionTag  not declared in manifest of com.tylerhats.proxitap
06-24 17:36:07.076  1568  4869 E AppOps  : attributionTag  not declared in manifest of com.tylerhats.proxitap
06-24 17:36:08.172  1568  4869 I MediaSessionStack: removeSession | record: com.tylerhats.proxitap/ProxiTap_PTT/218 (userId=0)
06-24 17:36:08.176  1568  2919 W ForegroundServiceTypeLoggerModule: Logger should be tracking FGS types correctly for UID 10598 in package com.tylerhats.proxitap
06-24 17:36:08.176  1568  2919 W ForegroundServiceTypeLoggerModule: Logger should be tracking FGS types correctly for UID 10598 in package com.tylerhats.proxitap
06-24 17:36:08.176  1568  2919 W ForegroundServiceTypeLoggerModule: Logger should be tracking FGS types correctly for UID 10598 in package com.tylerhats.proxitap
06-24 17:36:08.188  1568  1568 I Telecom : VoipCallMonitor: onNotificationRemoved: Call-Style notification=[StatusBarNotification(pkg=com.tylerhats.proxitap user=UserHandle{0} id=1 tag=null key=0|com.tylerhats.proxitap|1|null|10598: Notification(channel=proxitap_call_channel shortcut=null contentView=null vibrate=null sound=null defaults=0 flags=ONGOING_EVENT|NO_CLEAR|FOREGROUND_SERVICE|NO_DISMISS color=0x00000000 category=call actions=2 vis=PRIVATE))] removed
06-24 17:36:20.525  1568  5171 I ActivityManager: Background started FGS: Allowed [callingPackage: com.tylerhats.proxitap; callingUid: 10598; uidState: TOP ; uidBFSL: [BFSL]; intent: Intent { xflg=0x4 cmp=com.tylerhats.proxitap/.audio.CallService (has extras) }; code:PROC_STATE_TOP; tempAllowListReason:<null>; allowWiu:12; targetSdkVersion:35; callerTargetSdkVersion:35; startForegroundCount:1; bindFromPackage:null: isBindService:false]
06-24 17:36:20.739  1568  4871 E AppOps  : attributionTag  not declared in manifest of com.tylerhats.proxitap
06-24 17:36:20.740  1568  3032 E AppOps  : attributionTag  not declared in manifest of com.tylerhats.proxitap
06-24 17:36:20.835  1568  1568 I Telecom : VoipCallMonitor: onNotificationPosted: sbn=[StatusBarNotification(pkg=com.tylerhats.proxitap user=UserHandle{0} id=1 tag=null key=0|com.tylerhats.proxitap|1|null|10598: Notification(channel=proxitap_call_channel shortcut=null contentView=null vibrate=null sound=null defaults=0 flags=ONGOING_EVENT|NO_CLEAR|FOREGROUND_SERVICE|NO_DISMISS color=0x00000000 category=call actions=2 vis=PRIVATE))]
06-24 17:36:21.229  1568  4871 E AppOps  : attributionTag  not declared in manifest of com.tylerhats.proxitap
06-24 17:36:21.230  1568  3032 E AppOps  : attributionTag  not declared in manifest of com.tylerhats.proxitap
06-24 17:36:30.488  1568  1674 V WindowManager:         {WCT{RemoteToken{42906c5 Task{b053c5e #9140 type=standard A=10598:com.tylerhats.proxitap}}} m=TO_BACK f=NONE leash=Surface(name=Task=9140#46478)/@0x7c2a8d3 sb=Rect(0, 0 - 1344, 2992) eb=Rect(0, 0 - 1344, 2992) epz=Point(1344, 2992) d=0 taskParent=-1 winMode=1 userId=0},
06-24 17:36:31.666  1568  3032 D CoreBackPreview: Window{ec82473 u0 com.tylerhats.proxitap/com.tylerhats.proxitap.MainActivity}: Setting back callback null
06-24 17:36:37.804 22062 22062 D ActivityThread: Package [com.tylerhats.proxitap] reported as REPLACED, but missing application info. Assuming REMOVED.
06-24 17:36:37.805 22062 22062 D ActivityThread: Package [com.tylerhats.proxitap] reported as REPLACED, but missing application info. Assuming REMOVED.
06-24 17:36:37.806 22062 22062 D ActivityThread: Package [com.tylerhats.proxitap] reported as REPLACED, but missing application info. Assuming REMOVED.
06-24 17:36:37.807 22062 22062 D ActivityThread: Package [com.tylerhats.proxitap] reported as REPLACED, but missing application info. Assuming REMOVED.
06-24 17:36:37.899 26615 26615 D ActivityThread: Package [com.tylerhats.proxitap] reported as REPLACED, but missing application info. Assuming REMOVED.
06-24 17:36:37.900 26615 26615 D ActivityThread: Package [com.tylerhats.proxitap] reported as REPLACED, but missing application info. Assuming REMOVED.
06-24 17:36:37.903 26615 26615 D ActivityThread: Package [com.tylerhats.proxitap] reported as REPLACED, but missing application info. Assuming REMOVED.
06-24 17:36:37.903 26615 26615 D ActivityThread: Package [com.tylerhats.proxitap] reported as REPLACED, but missing application info. Assuming REMOVED.
06-24 17:36:37.961 28386 28386 D ActivityThread: Package [com.tylerhats.proxitap] reported as REPLACED, but missing application info. Assuming REMOVED.
06-24 17:36:37.962 28386 28386 D ActivityThread: Package [com.tylerhats.proxitap] reported as REPLACED, but missing application info. Assuming REMOVED.
06-24 17:36:40.174  1568  3206 I ActivityManager: Force stopping com.tylerhats.proxitap appid=10598 user=0: from pid 10969 (com.android.settings)
06-24 17:36:40.177  1568  3206 I ActivityManager: Killing 31213:com.tylerhats.proxitap/u0a598 (adj 50): stop com.tylerhats.proxitap due to from pid 10969 (com.android.settings)
06-24 17:36:40.192  1568  3206 W AppOps  : Operation not started: uid=10598 pkg=com.tylerhats.proxitap(null) op=START_FOREGROUND
06-24 17:36:40.192  1568  3206 W ForegroundServiceTypeLoggerModule: Logger should be tracking FGS types correctly for UID 10598 in package com.tylerhats.proxitap
06-24 17:36:40.192  1568  3206 W ForegroundServiceTypeLoggerModule: Logger should be tracking FGS types correctly for UID 10598 in package com.tylerhats.proxitap
06-24 17:36:40.192  1568  3206 W ForegroundServiceTypeLoggerModule: Logger should be tracking FGS types correctly for UID 10598 in package com.tylerhats.proxitap
06-24 17:36:40.195  1568  4511 E AppOps  : attributionTag  not declared in manifest of com.tylerhats.proxitap
06-24 17:36:40.196  1568  4511 W AppOps  : Operation not started: uid=10598 pkg=com.tylerhats.proxitap(null) op=CONTROL_AUDIO_PARTIAL
06-24 17:36:40.197  1568  4511 E AppOps  : attributionTag  not declared in manifest of com.tylerhats.proxitap
06-24 17:36:40.197  1568  4511 W AppOps  : Operation not started: uid=10598 pkg=com.tylerhats.proxitap(null) op=CONTROL_AUDIO_PARTIAL
06-24 17:36:40.199  1568  2468 E AppOps  : attributionTag  not declared in manifest of com.tylerhats.proxitap
06-24 17:36:40.199  1568  2468 W AppOps  : Operation not started: uid=10598 pkg=com.tylerhats.proxitap(null) op=CONTROL_AUDIO
06-24 17:36:40.199  1568  3206 I AppsFilter: interaction: PackageSetting{35239be com.google.android.microdroid.empty_payload/10298} -> PackageSetting{d22474b com.tylerhats.proxitap/10598} BLOCKED
06-24 17:36:40.200  1568  2919 E AppOps  : attributionTag  not declared in manifest of com.tylerhats.proxitap
06-24 17:36:40.200  1568  2919 W AppOps  : Operation not started: uid=10598 pkg=com.tylerhats.proxitap(null) op=CONTROL_AUDIO
06-24 17:36:40.229  1568  2468 I AS.AudioService: AudioHardening background playback would be muted for com.tylerhats.proxitap (10598), level: partial
06-24 17:36:40.240  1568  1568 I Telecom : VoipCallMonitor: onNotificationRemoved: Call-Style notification=[StatusBarNotification(pkg=com.tylerhats.proxitap user=UserHandle{0} id=1 tag=null key=0|com.tylerhats.proxitap|1|null|10598: Notification(channel=proxitap_call_channel shortcut=null contentView=null vibrate=null sound=null defaults=0 flags=ONGOING_EVENT|NO_CLEAR|FOREGROUND_SERVICE|NO_DISMISS color=0x00000000 category=call actions=2 vis=PRIVATE))] removed
06-24 17:36:40.332  1568  2468 V ActivityManager: Got obituary of 31213:com.tylerhats.proxitap
06-24 17:36:45.373  1568  4511 V ActivityTaskManager: TaskLaunchParamsModifier: phase=3 task=Task{13a6ce4 #9142 type=standard A=10598:com.tylerhats.proxitap} activity=ActivityRecord{54388855 u0 com.tylerhats.proxitap/.MainActivity t-1} display-from-option=0 display-id=0 task-display-area-windowing-mode=1 suggested-display-area=DefaultTaskDisplayArea@206973748 inherit-from-source=fullscreen non-freeform-task-display-area display-area=DefaultTaskDisplayArea@206973748 skip-bounds-fullscreen
06-24 17:36:45.373  1568  4511 I ActivityTaskManager: START u0 {act=android.intent.action.MAIN cat=[android.intent.category.LAUNCHER] flg=0x10200000 xflg=0x4 cmp=com.tylerhats.proxitap/.MainActivity bnds=[37,515][354,845]} with LAUNCH_MULTIPLE from uid 10253 (com.google.android.apps.nexuslauncher) (sr=161532344) (BAL_ALLOW_VISIBLE_WINDOW) result code=0
06-24 17:36:45.374  2667  2690 V WindowManagerShell: Transition requested (#3909): android.os.BinderProxy@5cd54fd TransitionRequestInfo { type = OPEN, triggerTask = TaskInfo{userId=0 taskId=9142 effectiveUid=10598 displayId=0 isRunning=true baseIntent=Intent { act=android.intent.action.MAIN cat=[android.intent.category.LAUNCHER] flg=0x10200000 cmp=com.tylerhats.proxitap/.MainActivity } baseActivity=ComponentInfo{com.tylerhats.proxitap/com.tylerhats.proxitap.MainActivity} topActivity=ComponentInfo{com.tylerhats.proxitap/com.tylerhats.proxitap.MainActivity} origActivity=null realActivity=ComponentInfo{com.tylerhats.proxitap/com.tylerhats.proxitap.MainActivity} realActivityIsAppLockEnabled=false numActivities=1 lastActiveTime=488307871 supportsMultiWindow=true resizeMode=1 isResizeable=true minWidth=-1 minHeight=-1 defaultMinSize=220 token=WCT{android.os.BinderProxy@10075f2} topActivityType=1 pictureInPictureParams=null shouldDockBigOverlays=false launchIntoPipHostTaskId=-1 lastParentTaskIdBeforePip=-1 displayCutoutSafeInsets=Rect(0, 200 - 0, 0) topActivityInfo=ActivityInfo{c4e2443 com.tylerhats.proxitap.MainActivity} launchCookies=[android.os.BinderProxy@b240ac0] positionInParent=Point(0, 0) parentTaskId=-1 isFocused=false isVisible=false isVisibleRequested=false isTopActivityNoDisplay=false isSleeping=false locusId=null displayAreaFeatureId=1 isTopActivityTransparent=false isActivityStackTransparent=false lastNonFullscreenBounds=null leafTaskBoundsFromOptions= false capturedLink=null capturedLinkTimestamp=0 requestedVisibleTypes=503 topActivityRequestOpenInBrowserEducationTimestamp=0 appCompatTaskInfo=AppCompatTaskInfo { topActivityInSizeCompat=false isLeafTask= true eligibleForLetterboxEducation= false isLetterboxEducationEnabled= false isLetterboxDoubleTapEnabled= false eligibleForUserAspectRatioButton= false topActivityBoundsLetterboxed= false isFromLetterboxDoubleTap= false topActivityLetterboxVerticalPosition= -1 topActivityLetterboxHorizontalPosition= -1 topActivityLetterboxWidth=-1 topActivityLetterboxHeight=-1 topActivityAppBounds=Rect(0, 0 - 1344, 2992) isUserFullscreenOverrideEnabled=false isSystemFullscreenOverrideEnabled=false hasMinAspectRatioOverride=false topActivityLetterboxBounds=null topNonResizableActivityAspectRatio=-1.0} topActivityMainWindowFrame=null isAppBubble=false}, pipChange = null, remoteTransitionInfo = RemoteTransitionInfo { remoteTransition = android.window.IRemoteTransition$Stub$Proxy@a1f43f9, debugName = QuickstepLaunch }, displayChange = null, requestedLocation = null, userChange = null, windowingLayerChange = null, fullscreenRequestChange = null, flags = 0, debugId = 3909 }
06-24 17:36:45.379  1568  3373 I AppsFilter: interaction: PackageSetting{35239be com.google.android.microdroid.empty_payload/10298} -> PackageSetting{754747c com.tylerhats.proxitap/10598} BLOCKED
06-24 17:36:45.386  1568  1695 I ActivityManager: Start proc 31779:com.tylerhats.proxitap/u0a598 for next-top-activity {com.tylerhats.proxitap/com.tylerhats.proxitap.MainActivity}
06-24 17:36:45.391  1568  4511 D CoreBackPreview: Window{ee4824e u0 Splash Screen com.tylerhats.proxitap}: Setting back callback OnBackInvokedCallbackInfo{mCallback=android.window.IOnBackInvokedCallback$Stub$Proxy@d8e62da, mPriority=0, mIsAnimationCallback=false, mOverrideBehavior=0}
06-24 17:36:45.399  1568  1674 V WindowManager: Sent Transition (#3909) createdAt=06-24 17:36:45.367 via request=TransitionRequestInfo { type = OPEN, triggerTask = TaskInfo{userId=0 taskId=9142 effectiveUid=10598 displayId=0 isRunning=true baseIntent=Intent { act=android.intent.action.MAIN cat=[android.intent.category.LAUNCHER] flg=0x10200000 cmp=com.tylerhats.proxitap/.MainActivity } baseActivity=ComponentInfo{com.tylerhats.proxitap/com.tylerhats.proxitap.MainActivity} topActivity=ComponentInfo{com.tylerhats.proxitap/com.tylerhats.proxitap.MainActivity} origActivity=null realActivity=ComponentInfo{com.tylerhats.proxitap/com.tylerhats.proxitap.MainActivity} realActivityIsAppLockEnabled=false numActivities=1 lastActiveTime=488307871 supportsMultiWindow=true resizeMode=1 isResizeable=true minWidth=-1 minHeight=-1 defaultMinSize=220 token=WCT{RemoteToken{d27918 Task{13a6ce4 #9142 type=standard A=10598:com.tylerhats.proxitap}}} topActivityType=1 pictureInPictureParams=null shouldDockBigOverlays=false launchIntoPipHostTaskId=-1 lastParentTaskIdBeforePip=-1 displayCutoutSafeInsets=Rect(0, 200 - 0, 0) topActivityInfo=ActivityInfo{8383156 com.tylerhats.proxitap.MainActivity} launchCookies=[android.os.BinderProxy@d7965d7] positionInParent=Point(0, 0) parentTaskId=-1 isFocused=false isVisible=false isVisibleRequested=false isTopActivityNoDisplay=false isSleeping=false locusId=null displayAreaFeatureId=1 isTopActivityTransparent=false isActivityStackTransparent=false lastNonFullscreenBounds=null leafTaskBoundsFromOptions= false capturedLink=null capturedLinkTimestamp=0 requestedVisibleTypes=503 topActivityRequestOpenInBrowserEducationTimestamp=0 appCompatTaskInfo=AppCompatTaskInfo { topActivityInSizeCompat=false isLeafTask= true eligibleForLetterboxEducation= false isLetterboxEducationEnabled= false isLetterboxDoubleTapEnabled= false eligibleForUserAspectRatioButton= false topActivityBoundsLetterboxed= false isFromLetterboxDoubleTap= false topActivityLetterboxVerticalPosition= -1 topActivityLetterboxHorizontalPosition= -1 topActivityLetterboxWidth=-1 topActivityLetterboxHeight=-1 topActivityAppBounds=Rect(0, 0 - 1344, 2992) isUserFullscreenOverrideEnabled=false isSystemFullscreenOverrideEnabled=false hasMinAspectRatioOverride=false topActivityLetterboxBounds=null topNonResizableActivityAspectRatio=-1.0} topActivityMainWindowFrame=null isAppBubble=false}, pipChange = null, remoteTransitionInfo = RemoteTransitionInfo { remoteTransition = android.window.IRemoteTransition$Stub$Proxy@1f831ad, debugName = QuickstepLaunch }, displayChange = null, requestedLocation = null, userChange = null, windowingLayerChange = null, fullscreenRequestChange = null, flags = 0, debugId = 3909 }
06-24 17:36:45.399  1568  1674 V WindowManager:         {WCT{RemoteToken{d27918 Task{13a6ce4 #9142 type=standard A=10598:com.tylerhats.proxitap}}} m=OPEN f=NONE leash=Surface(name=Task=9142#46567)/@0x535368a sb=Rect(0, 0 - 1344, 2992) eb=Rect(0, 0 - 1344, 2992) epz=Point(1344, 2992) d=0 taskParent=-1 winMode=1 userId=0},
06-24 17:36:45.527  1568  2469 I AppsFilter: interaction: PackageSetting{754747c com.tylerhats.proxitap/10598} -> PackageSetting{20e2bb6 com.google.android.apps.nexuslauncher/10253} BLOCKED
06-24 17:36:45.531  1568  1675 W AppWarnings: Showing PageSizeMismatchDialog for package com.tylerhats.proxitap
06-24 17:36:45.760  1568  3373 D CoreBackPreview: Window{c63a049 u0 com.tylerhats.proxitap/com.tylerhats.proxitap.MainActivity}: Setting back callback OnBackInvokedCallbackInfo{mCallback=android.window.IOnBackInvokedCallback$Stub$Proxy@d5722bd, mPriority=0, mIsAnimationCallback=false, mOverrideBehavior=0}
06-24 17:36:45.849  1568  4511 I MediaSessionStack: addSession to bottom of stack | record: com.tylerhats.proxitap/ProxiTap_PTT/219 (userId=0)
06-24 17:36:45.851  1568  2825 I MediaSessionStack: onPlaybackStateChanged - Pushing session to top | record: com.tylerhats.proxitap/ProxiTap_PTT/219 (userId=0)
06-24 17:36:46.192  1568  1644 D CoreBackPreview: Window{ee4824e u0 Splash Screen com.tylerhats.proxitap EXITING}: Setting back callback null
06-24 17:36:46.903  1568  5184 W PackageConfigPersister: App-specific configuration not found for packageName: com.tylerhats.proxitap and userId: 0
06-24 17:36:48.646  1568  1568 V WindowManager: WindowManager: Display id=0 is notified that Camera 0 is open for package com.tylerhats.proxitap
06-24 17:36:49.647  1568  1677 V WindowManager: CameraOpen: cameraApp=ProcessRecord{89e9513 31779:com.tylerhats.proxitap/u0a598} cameraInfo.mPid=31779 cameraTask=Task{13a6ce4 #9142 type=standard A=10598:com.tylerhats.proxitap} cameraAppInfo.mTaskId=9142
06-24 17:36:51.920  1568  1677 I WindowManager: com.tylerhats.proxitap: Updating CameraCompatibilityInfo for package: WindowManager to: CameraCompatibilityInfo{mRotateAndCropRotation=-1, mShouldOverrideSensorOrientation=false, mShouldLetterboxForCameraCompat=false, mDisplayRotationSandbox=-1, mShouldAllowTransformInverseDisplay=true}.
06-24 17:36:52.595  1568  3031 I ActivityManager: Background started FGS: Allowed [callingPackage: com.tylerhats.proxitap; callingUid: 10598; uidState: TOP ; uidBFSL: [BFSL]; intent: Intent { xflg=0x4 cmp=com.tylerhats.proxitap/.audio.CallService (has extras) }; code:PROC_STATE_TOP; tempAllowListReason:<null>; allowWiu:12; targetSdkVersion:35; callerTargetSdkVersion:35; startForegroundCount:0; bindFromPackage:null: isBindService:false]
06-24 17:36:52.819  1568  5184 E AppOps  : attributionTag  not declared in manifest of com.tylerhats.proxitap
06-24 17:36:52.819  1568  3031 E AppOps  : attributionTag  not declared in manifest of com.tylerhats.proxitap
06-24 17:36:52.934  1568  1568 I Telecom : VoipCallMonitor: onNotificationPosted: sbn=[StatusBarNotification(pkg=com.tylerhats.proxitap user=UserHandle{0} id=1 tag=null key=0|com.tylerhats.proxitap|1|null|10598: Notification(channel=proxitap_call_channel shortcut=null contentView=null vibrate=null sound=null defaults=0 flags=ONGOING_EVENT|NO_CLEAR|FOREGROUND_SERVICE|NO_DISMISS color=0x00000000 category=call actions=2 vis=PRIVATE))]
06-24 17:36:53.276  1568  4511 E AppOps  : attributionTag  not declared in manifest of com.tylerhats.proxitap
06-24 17:36:53.276  1568  4852 E AppOps  : attributionTag  not declared in manifest of com.tylerhats.proxitap
06-24 17:36:59.687  1568  4869 E AppOps  : attributionTag  not declared in manifest of com.tylerhats.proxitap
06-24 17:36:59.687  1568  3373 E AppOps  : attributionTag  not declared in manifest of com.tylerhats.proxitap
06-24 17:36:59.714  1568  4869 E AppOps  : attributionTag  not declared in manifest of com.tylerhats.proxitap
06-24 17:36:59.714  1568  4869 E AppOps  : attributionTag  not declared in manifest of com.tylerhats.proxitap
06-24 17:36:59.716  1568  1644 I MediaSessionStack: removeSession | record: com.tylerhats.proxitap/ProxiTap_PTT/219 (userId=0)
06-24 17:36:59.721  1568  2469 W ForegroundServiceTypeLoggerModule: Logger should be tracking FGS types correctly for UID 10598 in package com.tylerhats.proxitap
06-24 17:36:59.721  1568  2469 W ForegroundServiceTypeLoggerModule: Logger should be tracking FGS types correctly for UID 10598 in package com.tylerhats.proxitap
06-24 17:36:59.721  1568  2469 W ForegroundServiceTypeLoggerModule: Logger should be tracking FGS types correctly for UID 10598 in package com.tylerhats.proxitap
06-24 17:36:59.737  1568  1568 I Telecom : VoipCallMonitor: onNotificationRemoved: Call-Style notification=[StatusBarNotification(pkg=com.tylerhats.proxitap user=UserHandle{0} id=1 tag=null key=0|com.tylerhats.proxitap|1|null|10598: Notification(channel=proxitap_call_channel shortcut=null contentView=null vibrate=null sound=null defaults=0 flags=ONGOING_EVENT|NO_CLEAR|FOREGROUND_SERVICE|NO_DISMISS color=0x00000000 category=call actions=2 vis=PRIVATE))] removed
06-24 17:37:06.076  1568  5184 I ActivityManager: Background started FGS: Allowed [callingPackage: com.tylerhats.proxitap; callingUid: 10598; uidState: TOP ; uidBFSL: [BFSL]; intent: Intent { xflg=0x4 cmp=com.tylerhats.proxitap/.audio.CallService (has extras) }; code:PROC_STATE_TOP; tempAllowListReason:<null>; allowWiu:12; targetSdkVersion:35; callerTargetSdkVersion:35; startForegroundCount:1; bindFromPackage:null: isBindService:false]
06-24 17:37:06.298  1568  3031 E AppOps  : attributionTag  not declared in manifest of com.tylerhats.proxitap
06-24 17:37:06.299  1568  3075 E AppOps  : attributionTag  not declared in manifest of com.tylerhats.proxitap
06-24 17:37:06.390  1568  1568 I Telecom : VoipCallMonitor: onNotificationPosted: sbn=[StatusBarNotification(pkg=com.tylerhats.proxitap user=UserHandle{0} id=1 tag=null key=0|com.tylerhats.proxitap|1|null|10598: Notification(channel=proxitap_call_channel shortcut=null contentView=null vibrate=null sound=null defaults=0 flags=ONGOING_EVENT|NO_CLEAR|FOREGROUND_SERVICE|NO_DISMISS color=0x00000000 category=call actions=2 vis=PRIVATE))]
06-24 17:37:06.598  1568  4852 E AppOps  : attributionTag  not declared in manifest of com.tylerhats.proxitap
06-24 17:37:06.598  1568  3373 E AppOps  : attributionTag  not declared in manifest of com.tylerhats.proxitap
06-24 17:37:13.790  7573  7573 D RecentsView: onGestureAnimationStart - groupedTaskInfo: Desk ID= -1, Desk Display ID=-1, Tasks=[id=9142 winMode=fullscreen visReq=true vis=true excluded=false baseIntent=com.tylerhats.proxitap/.MainActivity], Type=FULLSCREEN, Minimized Task IDs=null
06-24 17:37:13.791  7573  7573 D RecentsView: showCurrentTask(onGestureAnimationStart) - groupedTaskInfo: Desk ID= -1, Desk Display ID=-1, Tasks=[id=9142 winMode=fullscreen visReq=true vis=true excluded=false baseIntent=com.tylerhats.proxitap/.MainActivity], Type=FULLSCREEN, Minimized Task IDs=null
06-24 17:37:13.810  7573  7573 D RecentsView: onGestureAnimationStart - groupedTaskInfo: Desk ID= -1, Desk Display ID=-1, Tasks=[id=9142 winMode=fullscreen visReq=true vis=true excluded=false baseIntent=com.tylerhats.proxitap/.MainActivity], Type=FULLSCREEN, Minimized Task IDs=null
06-24 17:37:13.810  7573  7573 D RecentsView: showCurrentTask(onGestureAnimationStart) - groupedTaskInfo: Desk ID= -1, Desk Display ID=-1, Tasks=[id=9142 winMode=fullscreen visReq=true vis=true excluded=false baseIntent=com.tylerhats.proxitap/.MainActivity], Type=FULLSCREEN, Minimized Task IDs=null
06-24 17:37:13.811  1568  2469 I InputDispatcher: Channel [Gesture Monitor] swipe-up is stealing input gesture for device 3 from [c63a049 com.tylerhats.proxitap/com.tylerhats.proxitap.MainActivity, [Gesture Monitor] Quick Tap, [Gesture Monitor] edge-swipe, [Gesture Monitor] onehanded-touch]
06-24 17:37:13.826  1568  1674 V WindowManager:         {WCT{RemoteToken{d27918 Task{13a6ce4 #9142 type=standard A=10598:com.tylerhats.proxitap}}} m=TO_BACK f=NONE leash=Surface(name=Task=9142#46567)/@0x535368a sb=Rect(0, 0 - 1344, 2992) eb=Rect(0, 0 - 1344, 2992) epz=Point(1344, 2992) d=0 taskParent=-1 winMode=1 userId=0},
06-24 17:37:16.396  9581  9581 D ActivityThread: Package [com.tylerhats.proxitap] reported as REPLACED, but missing application info. Assuming REMOVED.
06-24 17:37:16.398  9581  9581 D ActivityThread: Package [com.tylerhats.proxitap] reported as REPLACED, but missing application info. Assuming REMOVED.
06-24 17:37:21.030   965   965 I WifiHAL : svc_name: proxitap_discovery
06-24 17:37:21.794 31779 32227 D WebRtcClient: ICE Connection State for HOST: FAILED
06-24 17:37:22.748  1568  3031 W JobScheduler: Job didn't exist in JobStore: 72d9fd0 #u0a598/-1027791272 com.tylerhats.proxitap/com.google.android.datatransport.runtime.scheduling.jobscheduling.JobInfoSchedulerService
06-24 17:37:31.048   965  2632 I WifiHAL : svc_name: proxitap_discovery
06-24 17:37:41.051   965  2632 I WifiHAL : svc_name: proxitap_discovery
06-24 17:37:51.055   965  1033 I WifiHAL : svc_name: proxitap_discovery
06-24 17:38:01.074   965   965 I WifiHAL : svc_name: proxitap_discovery
06-24 17:38:11.096   965   965 I WifiHAL : svc_name: proxitap_discovery
06-24 17:38:21.115   965  2632 I WifiHAL : svc_name: proxitap_discovery
06-24 17:38:31.120   965  1033 I WifiHAL : svc_name: proxitap_discovery
06-24 17:38:39.097 27456 27456 D ActivityThread: Package [com.tylerhats.proxitap] reported as REPLACED, but missing application info. Assuming REMOVED.
06-24 17:38:39.099 27456 27456 D ActivityThread: Package [com.tylerhats.proxitap] reported as REPLACED, but missing application info. Assuming REMOVED.
06-24 17:38:39.100 27456 27456 D ActivityThread: Package [com.tylerhats.proxitap] reported as REPLACED, but missing application info. Assuming REMOVED.
06-24 17:38:39.101 27456 27456 D ActivityThread: Package [com.tylerhats.proxitap] reported as REPLACED, but missing application info. Assuming REMOVED.
06-24 17:38:39.107 27739 27739 D ActivityThread: Package [com.tylerhats.proxitap] reported as REPLACED, but missing application info. Assuming REMOVED.
06-24 17:38:39.108 27739 27739 D ActivityThread: Package [com.tylerhats.proxitap] reported as REPLACED, but missing application info. Assuming REMOVED.
06-24 17:38:39.109 27739 27739 D ActivityThread: Package [com.tylerhats.proxitap] reported as REPLACED, but missing application info. Assuming REMOVED.
06-24 17:38:39.109 27739 27739 D ActivityThread: Package [com.tylerhats.proxitap] reported as REPLACED, but missing application info. Assuming REMOVED.
